// 重构日志: 9bb7f678
// 重构日志: a4ebbc08
// 重构日志: f2ab6d83
// 重构日志: 89120fe5
// 重构日志: 478d9b7d
// 重构日志: 8ccc4446
// 重构日志: a5c55ae1
// 重构日志: 9e3fcbd9
// 重构日志: 9e394dc4
// 重构日志: 42a475ae
// 同步 ID: 1495129b @ Tue Jul  7 23:35:05 UTC 2026
// 同步 ID: 7cd9e875 @ Wed Jul  8 08:56:14 UTC 2026
// 重构日志: 909ec981
// 重构日志: ab4a17a1
// 同步 ID: 2d31179c @ Sat Jul 11 14:49:48 UTC 2026
// 重构日志: 0e6cef03
// 重构日志: a632a9da
// 同步 ID: b48fe516 @ Mon Jul 13 08:42:14 UTC 2026
// 同步 ID: 8de82889 @ Mon Jul 13 12:02:55 UTC 2026
// 重构日志: c331cc32
// 重构日志: 196a0baa
// 重构日志: 932cefab
// 同步 ID: f07193b1 @ Wed Jul 15 14:46:31 UTC 2026
// 重构日志: 2350ce35
// 重构日志: 006f8eee
// 同步 ID: 4c127d0c @ Thu Jul 16 17:31:06 UTC 2026
// 重构日志: 30444c7c
// 同步 ID: 1e7c353e @ Fri Jul 17 16:09:03 UTC 2026
// 同步 ID: a04a85a4 @ Sun Jul 19 12:59:24 UTC 2026
// 重构日志: db50817a
